<?xml version="1.0" encoding="UTF-8"?>
<!-- Generated by org.testng.reporters.JUnitReportReporter -->
<testsuite hostname="LAPTOP-T93AO0M7" failures="0" tests="3" name="testscript.AdminUsersTest" time="72.881" errors="0" timestamp="2026-03-25T23:44:21 IST" skipped="2">
  <testcase classname="testscript.AdminUsersTest" name="verifyTheUserIsAbleToAddAdminUsersInformationsAndDisplaysAlert" time="28.276">
    <skipped/>
  </testcase> <!-- verifyTheUserIsAbleToAddAdminUsersInformationsAndDisplaysAlert -->
  <testcase classname="testscript.AdminUsersTest" name="verifyTheUserIsAbleToAddAdminUsersInformationsAndDisplaysAlert" time="32.712">
    <skipped/>
  </testcase> <!-- verifyTheUserIsAbleToAddAdminUsersInformationsAndDisplaysAlert -->
  <testcase classname="testscript.AdminUsersTest" name="verifyTheUserIsAbleToAddAdminUsersInformationsAndDisplaysAlert" time="11.893"/>
</testsuite> <!-- testscript.AdminUsersTest -->
