<?xml version="1.0" encoding="UTF-8"?>
<!-- Generated by org.testng.reporters.JUnitReportReporter -->
<testsuite hostname="LAPTOP-T93AO0M7" failures="0" tests="2" name="testscript.AdminUsersTest" time="29.080" errors="0" timestamp="2026-03-24T01:38:48 IST" skipped="1">
  <testcase classname="testscript.AdminUsersTest" name="verifyTheUserIsAbleToAddAdminUsersInformationsAndDisplaysAlert" time="11.524"/>
  <testcase classname="testscript.AdminUsersTest" name="verifyTheUserIsAbleToAddAdminUsersInformationsAndDisplaysAlert" time="17.556">
    <skipped/>
  </testcase> <!-- verifyTheUserIsAbleToAddAdminUsersInformationsAndDisplaysAlert -->
</testsuite> <!-- testscript.AdminUsersTest -->
