<?xml version="1.0" encoding="UTF-8"?>
<!-- Generated by org.testng.reporters.JUnitXMLReporter -->
<testsuite ignored="0" hostname="LAPTOP-T93AO0M7" failures="0" tests="2" name="Test" time="29.272" errors="0" timestamp="2026-03-24T01:38:48 IST">
  <testcase classname="testscript.AdminUsersTest" name="verifyTheUserIsAbleToAddAdminUsersInformationsAndDisplaysAlert" time="11.444">
    <skipped/>
  </testcase> <!-- verifyTheUserIsAbleToAddAdminUsersInformationsAndDisplaysAlert -->
  <testcase classname="testscript.AdminUsersTest" name="verifyTheUserIsAbleToAddAdminUsersInformationsAndDisplaysAlert" time="5.586"/>
</testsuite> <!-- Test -->
