<?xml version="1.0" encoding="UTF-8"?>
<testng-results ignored="0" total="1" passed="1" failed="0" skipped="0">
  <reporter-output>
  </reporter-output>
  <suite started-at="2026-03-25T12:20:32 IST" name="Suite" finished-at="2026-03-25T12:20:49 IST" duration-ms="16878">
    <groups>
    </groups>
    <test started-at="2026-03-25T12:20:32 IST" name="Test" finished-at="2026-03-25T12:20:49 IST" duration-ms="16878">
      <class name="testscript.ManageCategoryTest">
        <test-method is-config="true" signature="browserInitialization(java.lang.String)[pri:0, instance:testscript.ManageCategoryTest@821330f]" started-at="2026-03-25T12:20:32 IST" name="browserInitialization" description="Url launching for testing" finished-at="2026-03-25T12:20:42 IST" duration-ms="9133" status="PASS">
          <params>
            <param index="0">
              <value>
                <![CDATA[Chrome]]>
              </value>
            </param>
          </params>
          <reporter-output>
          </reporter-output>
        </test-method> <!-- browserInitialization -->
        <test-method signature="verifyTheUserIsAbleToAddNewCategoryAndDisplaysAlert()[pri:0, instance:testscript.ManageCategoryTest@821330f]" started-at="2026-03-25T12:20:42 IST" name="verifyTheUserIsAbleToAddNewCategoryAndDisplaysAlert" description="Verify if the user can add new category  details" finished-at="2026-03-25T12:20:49 IST" duration-ms="7626" status="PASS">
          <reporter-output>
          </reporter-output>
        </test-method> <!-- verifyTheUserIsAbleToAddNewCategoryAndDisplaysAlert -->
      </class> <!-- testscript.ManageCategoryTest -->
    </test> <!-- Test -->
  </suite> <!-- Suite -->
</testng-results>
