<?xml version="1.0" encoding="UTF-8"?>
<!-- Generated by org.testng.reporters.JUnitXMLReporter -->
<testsuite ignored="0" hostname="LAPTOP-T93AO0M7" failures="0" tests="3" name="Chrometest" time="73.026" errors="0" timestamp="2026-03-25T23:44:20 IST">
  <testcase classname="testscript.AdminUsersTest" name="verifyTheUserIsAbleToAddAdminUsersInformationsAndDisplaysAlert" time="20.877">
    <skipped/>
  </testcase> <!-- verifyTheUserIsAbleToAddAdminUsersInformationsAndDisplaysAlert -->
  <testcase classname="testscript.AdminUsersTest" name="verifyTheUserIsAbleToAddAdminUsersInformationsAndDisplaysAlert" time="28.578">
    <skipped/>
  </testcase> <!-- verifyTheUserIsAbleToAddAdminUsersInformationsAndDisplaysAlert -->
  <testcase classname="testscript.AdminUsersTest" name="verifyTheUserIsAbleToAddAdminUsersInformationsAndDisplaysAlert" time="4.642"/>
</testsuite> <!-- Chrometest -->
